<?xml version="1.0" encoding="UTF-8"?>
<testng-results skipped="0" failed="0" ignored="0" total="1" passed="1">
  <reporter-output>
  </reporter-output>
  <suite name="Suite" duration-ms="28" started-at="2019-07-25T06:32:21Z" finished-at="2019-07-25T06:32:21Z">
    <groups>
    </groups>
    <test name="Test" duration-ms="28" started-at="2019-07-25T06:32:21Z" finished-at="2019-07-25T06:32:21Z">
      <class name="Gitpackage.GitDemo">
        <test-method status="PASS" signature="test()[pri:0, instance:Gitpackage.GitDemo@6aceb1a5]" name="test" duration-ms="7" started-at="2019-07-25T06:32:21Z" finished-at="2019-07-25T06:32:21Z">
          <reporter-output>
          </reporter-output>
        </test-method> <!-- test -->
      </class> <!-- Gitpackage.GitDemo -->
    </test> <!-- Test -->
  </suite> <!-- Suite -->
</testng-results>
